Arguments: 
  C:\Program Files\nodejs\node.exe C:\Program Files (x86)\Yarn\bin\yarn.js add react-router-dom

PATH: 
  C:\ProgramData\Oracle\Java\javapath;C:\Windows\system32;C:\Windows;C:\Windows\System32\Wbem;C:\Windows\System32\WindowsPowerShell\v1.0\;C:\Windows\System32\OpenSSH\;C:\Program Files (x86)\CodeBlocks\MinGW\bin;C:\Program Files\Microsoft\Web Platform Installer\;C:\Program Files (x86)\Microsoft ASP.NET\ASP.NET Web Pages\v1.0\;C:\Program Files\Microsoft SQL Server\110\Tools\Binn\;C:\Program Files\Python37;C:\Program Files\Python37\Scripts;C:\Program Files\nodejs\;C:\xampp\php;C:\composer;C:\Program Files (x86)\QuickTime\QTSystem\;C:\Program Files (x86)\Brackets\command;C:\Program Files\Git\cmd;C:\Program Files (x86)\Yarn\bin\;C:\Ruby26-x64\bin;C:\Users\root\AppData\Local\Microsoft\WindowsApps;C:\Users\root\AppData\Roaming\npm;C:\Users\root\AppData\Local\Programs\Microsoft VS Code\bin;C:\Users\root\AppData\Roaming\Composer\vendor\bin;C:\Program Files\JetBrains\PhpStorm 2019.1.3\bin;;C:\flutter\bin;C:\Users\root\.gradle\wrapper\dists\gradle-5.4.1-all\3221gyojl5jsh0helicew7rwx\gradle-5.4.1\bin;C:\Program Files\MongoDB\Server\4.2\bin;C:\Users\root\AppData\Local\Yarn\bin;C:\Users\root\.gradle\wrapper\dists\gradle-4.10.2-all\9fahxiiecdb76a5g3aw9oi8rv\gradle-4.10.2\bin;

Yarn version: 
  1.19.1

Node version: 
  10.16.0

Platform: 
  win32 x64

Trace: 
  Error: getaddrinfo ENOTFOUND registry.yarnpkg.com registry.yarnpkg.com:443
      at GetAddrInfoReqWrap.onlookup [as oncomplete] (dns.js:56:26)

npm manifest: 
  {
    "name": "my-app",
    "version": "0.1.0",
    "private": true,
    "dependencies": {
      "axios": "^0.19.0",
      "react": "^16.8.6",
      "react-dom": "^16.8.6",
      "react-scripts": "3.0.1"
    },
    "scripts": {
      "start": "react-scripts start",
      "build": "react-scripts build",
      "test": "react-scripts test",
      "eject": "react-scripts eject"
    },
    "eslintConfig": {
      "extends": "react-app"
    },
    "browserslist": {
      "production": [
        ">0.2%",
        "not dead",
        "not op_mini all"
      ],
      "development": [
        "last 1 chrome version",
        "last 1 firefox version",
        "last 1 safari version"
      ]
    }
  }

yarn manifest: 
  No manifest

Lockfile: 
  No lockfile
